[ 2015-04-25T10:46:36+08:00 ] ::1 /yuefa/index.php/home/yuefa
NOTIC: [8] Undefined index: uid /Library/WebServer/Documents/yuefa/ThinkPHP/Library/Think/Controller.class.php 第 135 行.
NOTIC: [8192] mysql_connect(): The mysql extension is deprecated and will be removed in the future: use mysqli or PDO instead /Library/WebServer/Documents/yuefa/ThinkPHP/Library/Think/Db/Driver/Mysql.class.php 第 52 行.
SQL: SHOW COLUMNS FROM `yf_member` [ RunTime:0.007346s ]
SQL: SELECT * FROM `yf_member` WHERE ( `uid` = 0 ) LIMIT 1   [ RunTime:0.002292s ]
NOTIC: [8] Undefined index: uid /Library/WebServer/Documents/yuefa/ThinkPHP/Library/Think/Controller.class.php 第 140 行.
NOTIC: [8192] mysql_connect(): The mysql extension is deprecated and will be removed in the future: use mysqli or PDO instead /Library/WebServer/Documents/yuefa/ThinkPHP/Library/Think/Db/Driver/Mysql.class.php 第 52 行.
SQL: SHOW COLUMNS FROM `yf_hairs` [ RunTime:0.005953s ]
SQL: SELECT * FROM `yf_hairs` ORDER BY likes desc LIMIT 6   [ RunTime:0.001590s ]
INFO: [ view_begin ] --START--
INFO: [ view_begin ] --END-- [ RunTime:0.000014s ]
INFO: [ view_parse ] --START--
INFO: [ template_filter ] --START--
INFO: Run Behavior\ContentReplace [ RunTime:0.000065s ]
INFO: [ template_filter ] --END-- [ RunTime:0.000111s ]
INFO: Run Behavior\ParseTemplate [ RunTime:0.041057s ]
INFO: [ view_parse ] --END-- [ RunTime:0.041106s ]
INFO: [ view_filter ] --START--
INFO: Run Behavior\WriteHtmlCache [ RunTime:0.000010s ]
INFO: [ view_filter ] --END-- [ RunTime:0.000037s ]
INFO: [ view_end ] --START--
INFO: [ view_end ] --END-- [ RunTime:0.000031s ]
INFO: [ app_end ] --START--
INFO: Run Behavior\ShowPageTrace [ RunTime:0.000037s ]
INFO: [ app_end ] --END-- [ RunTime:0.000078s ]

